This is pdfTeX, Version 3.14159265-2.6-1.40.15 (TeX Live 2015/dev/Debian) (preloaded format=pdflatex 2016.6.20)  8 DEC 2016 23:41
entering extended mode
 restricted \write18 enabled.
 %&-line parsing enabled.
**natded.sty
(/home/umut/.mytex/tex/latex/natded.sty
LaTeX2e <2014/05/01>
Babel <3.9l> and hyphenation patterns for 27 languages loaded.

! LaTeX Error: \usepackage before \documentclass.

See the LaTeX manual or LaTeX Companion for explanation.
Type  H <return>  for immediate help.
 ...                                              
                                                  
l.25 \usepackage{
                 calc}
? q
OK, entering \batchmode...
\negdepth@jaska=\skip41
\posdepth@jaska=\skip42
\lineheight@jaska=\skip43
\hmargin@jaska=\skip44
\vmargin@jaska=\skip45
\vextra@jaska=\skip46
\cmargin@jaska=\skip47
\borderwidth@jaska=\skip48
\nowidth@jaska=\skip49
\hhrulebase@jaska=\skip50
\stdepth@jaska=\skip51
\stwidth@jaska=\skip52
\arrayrowheight@jaska=\skip53
\guardspace@jaska=\skip54
\jguard@jaska=\skip55
\kmguard@jaska=\skip56
\templength@jaska=\skip57
\tempbox@jaska=\box26
LaTeX Font Info:    External font `cmex10' loaded for size
(Font)              <7> on input line 85.
LaTeX Font Info:    External font `cmex10' loaded for size
(Font)              <5> on input line 85.
Missing character: There is no - in font nullfont!
Missing character: There is no 0 in font nullfont!
Missing character: There is no . in font nullfont!
Missing character: There is no 5 in font nullfont!
Missing character: There is no p in font nullfont!
Missing character: There is no t in font nullfont!
Missing character: There is no / in font nullfont!
Missing character: There is no 2 in font nullfont!
\c@depth@jaskb=\count79
\c@jdepth@jaskb=\count80
\c@linecount@jaskb=\count81
\templength@jaskb=\skip58
\extrawin@jaskb=\skip59
\extrawout@jaskb=\skip60
\tempbox@jaskb=\box27
)
! Emergency stop.
<*> natded.sty
              
*** (job aborted, no legal \end found)

 
Here is how much of TeX's memory you used:
 100 strings out of 494450
 1449 string characters out of 6165792
 47829 words of memory out of 5000000
 3448 multiletter control sequences out of 15000+600000
 3640 words of font info for 14 fonts, out of 8000000 for 9000
 350 hyphenation exceptions out of 8191
 20i,3n,14p,170b,59s stack positions out of 5000i,500n,10000p,200000b,80000s
!  ==> Fatal error occurred, no output PDF file produced!
